2016-09-27 13:36:57,405 INFO [org.jasig.cas.CasEnvironmentContextListener] - 
******************** Welcome to CAS ********************
CAS Version: 4.1.4
Java Home: /home/hsenid/Softwares/jdk/jdk1.8.0_73/jre
Java Vendor: Oracle Corporation
Java Version: 1.8.0_73
OS Architecture: amd64
OS Name: Linux
OS Version: 4.2.0-36-generic
*******************************************************

2016-09-27 13:36:59,442 INFO [org.jasig.cas.services.DefaultServicesManagerImpl] - Loaded 2 services.
2016-09-27 13:36:59,758 INFO [org.jasig.cas.util.AutowiringSchedulerFactoryBean] - Starting Quartz Scheduler now
2016-09-27 13:36:59,762 INFO [org.jasig.cas.CasEnvironmentContextListener] - [Apache Tomcat/8.0.32] has loaded the CAS application context
2016-09-27 13:37:19,513 INFO [org.jasig.cas.ticket.registry.support.DefaultTicketRegistryCleaner] - Beginning ticket cleanup.
2016-09-27 13:37:19,523 INFO [org.jasig.cas.ticket.registry.support.DefaultTicketRegistryCleaner] - 0 expired tickets found to be removed.
2016-09-27 13:37:19,523 INFO [org.jasig.cas.ticket.registry.support.DefaultTicketRegistryCleaner] - Finished ticket cleanup.
2016-09-27 13:38:59,544 INFO [org.jasig.cas.services.DefaultServicesManagerImpl] - Reloading registered services.
2016-09-27 13:38:59,547 INFO [org.jasig.cas.services.DefaultServicesManagerImpl] - Loaded 2 services.
2016-09-27 13:40:59,543 INFO [org.jasig.cas.services.DefaultServicesManagerImpl] - Reloading registered services.
2016-09-27 13:40:59,547 INFO [org.jasig.cas.services.DefaultServicesManagerImpl] - Loaded 2 services.
2016-09-27 13:42:59,544 INFO [org.jasig.cas.services.DefaultServicesManagerImpl] - Reloading registered services.
2016-09-27 13:42:59,553 INFO [org.jasig.cas.services.DefaultServicesManagerImpl] - Loaded 2 services.
2016-09-27 13:44:59,544 INFO [org.jasig.cas.services.DefaultServicesManagerImpl] - Reloading registered services.
2016-09-27 13:44:59,553 INFO [org.jasig.cas.services.DefaultServicesManagerImpl] - Loaded 2 services.
2016-09-27 13:46:59,544 INFO [org.jasig.cas.services.DefaultServicesManagerImpl] - Reloading registered services.
2016-09-27 13:46:59,552 INFO [org.jasig.cas.services.DefaultServicesManagerImpl] - Loaded 2 services.
2016-09-27 13:48:59,544 INFO [org.jasig.cas.services.DefaultServicesManagerImpl] - Reloading registered services.
2016-09-27 13:48:59,547 INFO [org.jasig.cas.services.DefaultServicesManagerImpl] - Loaded 2 services.
2016-09-27 13:50:59,544 INFO [org.jasig.cas.services.DefaultServicesManagerImpl] - Reloading registered services.
2016-09-27 13:50:59,548 INFO [org.jasig.cas.services.DefaultServicesManagerImpl] - Loaded 2 services.
2016-09-27 13:52:59,544 INFO [org.jasig.cas.services.DefaultServicesManagerImpl] - Reloading registered services.
2016-09-27 13:52:59,547 INFO [org.jasig.cas.services.DefaultServicesManagerImpl] - Loaded 2 services.
2016-09-27 13:54:59,544 INFO [org.jasig.cas.services.DefaultServicesManagerImpl] - Reloading registered services.
2016-09-27 13:54:59,556 INFO [org.jasig.cas.services.DefaultServicesManagerImpl] - Loaded 2 services.
2016-09-27 13:56:59,544 INFO [org.jasig.cas.services.DefaultServicesManagerImpl] - Reloading registered services.
2016-09-27 13:56:59,552 INFO [org.jasig.cas.services.DefaultServicesManagerImpl] - Loaded 2 services.
2016-09-27 13:58:59,544 INFO [org.jasig.cas.services.DefaultServicesManagerImpl] - Reloading registered services.
2016-09-27 13:58:59,551 INFO [org.jasig.cas.services.DefaultServicesManagerImpl] - Loaded 2 services.
